<?xml version="1.0" encoding="UTF-8"?>
<coverage generated="1504618018147" clover="3.2.0">
  <project timestamp="1504618018148" name="All files">
    <metrics statements="27" coveredstatements="6" conditionals="20" coveredconditionals="0" methods="13" coveredmethods="3" elements="60" coveredelements="9" complexity="0" loc="27" ncloc="27" packages="3" files="4" classes="4">
      <package name="src">
        <metrics statements="13" coveredstatements="0" conditionals="6" coveredconditionals="0" methods="5" coveredmethods="0"/>
        <file name="index.js" path="C:\Murrays Stuff\Work Documents\Code Projects\Webpack 3 React Basic Config\src\index.js">
          <metrics statements="13" coveredstatements="0" conditionals="6" coveredconditionals="0" methods="5" coveredmethods="0"/>
          <line num="2" count="0" type="stmt"/>
          <line num="3" count="0" type="stmt"/>
          <line num="4" count="0" type="stmt"/>
          <line num="7" count="0" type="cond" truecount="0" falsecount="4"/>
          <line num="14" count="0" type="stmt"/>
          <line num="15" count="0" type="stmt"/>
          <line num="27" count="0" type="stmt"/>
          <line num="28" count="0" type="stmt"/>
          <line num="30" count="0" type="stmt"/>
          <line num="31" count="0" type="stmt"/>
          <line num="34" count="0" type="cond" truecount="0" falsecount="2"/>
          <line num="35" count="0" type="stmt"/>
          <line num="41" count="0" type="stmt"/>
        </file>
      </package>
      <package name="src.components.DemoComponent">
        <metrics statements="2" coveredstatements="2" conditionals="0" coveredconditionals="0" methods="1" coveredmethods="1"/>
        <file name="DemoComponent.js" path="C:\Murrays Stuff\Work Documents\Code Projects\Webpack 3 React Basic Config\src\components\DemoComponent\DemoComponent.js">
          <metrics statements="2" coveredstatements="2" conditionals="0" coveredconditionals="0" methods="1" coveredmethods="1"/>
          <line num="6" count="2" type="stmt"/>
          <line num="8" count="2" type="stmt"/>
        </file>
      </package>
      <package name="src.container">
        <metrics statements="12" coveredstatements="4" conditionals="14" coveredconditionals="0" methods="7" coveredmethods="2"/>
        <file name="App-logic.js" path="C:\Murrays Stuff\Work Documents\Code Projects\Webpack 3 React Basic Config\src\container\App-logic.js">
          <metrics statements="4" coveredstatements="4" conditionals="0" coveredconditionals="0" methods="2" coveredmethods="2"/>
          <line num="15" count="1" type="stmt"/>
          <line num="16" count="2" type="stmt"/>
          <line num="17" count="2" type="stmt"/>
          <line num="25" count="2" type="stmt"/>
        </file>
        <file name="App.js" path="C:\Murrays Stuff\Work Documents\Code Projects\Webpack 3 React Basic Config\src\container\App.js">
          <metrics statements="8" coveredstatements="0" conditionals="14" coveredconditionals="0" methods="5" coveredmethods="0"/>
          <line num="1" count="0" type="stmt"/>
          <line num="2" count="0" type="stmt"/>
          <line num="5" count="0" type="stmt"/>
          <line num="8" count="0" type="cond" truecount="0" falsecount="12"/>
          <line num="10" count="0" type="cond" truecount="0" falsecount="2"/>
          <line num="12" count="0" type="stmt"/>
          <line num="20" count="0" type="stmt"/>
          <line num="22" count="0" type="stmt"/>
        </file>
      </package>
    </metrics>
  </project>
</coverage>
