{"C:\\Murrays Stuff\\Work Documents\\Code Projects\\Webpack 3 React Basic Config\\src\\index.js": {"path":"C:\\Murrays Stuff\\Work Documents\\Code Projects\\Webpack 3 React Basic Config\\src\\index.js","statementMap":{"0":{"start":{"line":2,"column":13},"end":{"line":2,"column":29}},"1":{"start":{"line":2,"column":44},"end":{"line":2,"column":74}},"2":{"start":{"line":3,"column":16},"end":{"line":3,"column":36}},"3":{"start":{"line":3,"column":54},"end":{"line":3,"column":87}},"4":{"start":{"line":4,"column":22},"end":{"line":4,"column":49}},"5":{"start":{"line":7,"column":11},"end":{"line":7,"column":37}},"6":{"start":{"line":7,"column":50},"end":{"line":7,"column":78}},"7":{"start":{"line":7,"column":117},"end":{"line":7,"column":171}},"8":{"start":{"line":14,"column":24},"end":{"line":21,"column":1}},"9":{"start":{"line":15,"column":4},"end":{"line":19,"column":15}},"10":{"start":{"line":27,"column":28},"end":{"line":38,"column":1}},"11":{"start":{"line":28,"column":20},"end":{"line":28,"column":72}},"12":{"start":{"line":30,"column":4},"end":{"line":37,"column":7}},"13":{"start":{"line":31,"column":8},"end":{"line":31,"column":53}},"14":{"start":{"line":34,"column":8},"end":{"line":36,"column":9}},"15":{"start":{"line":35,"column":12},"end":{"line":35,"column":117}},"16":{"start":{"line":35,"column":62},"end":{"line":35,"column":114}},"17":{"start":{"line":41,"column":0},"end":{"line":41,"column":37}}},"fnMap":{"0":{"name":"_interopRequireDefault","decl":{"start":{"line":7,"column":88},"end":{"line":7,"column":110}},"loc":{"start":{"line":7,"column":116},"end":{"line":7,"column":172}},"line":7},"1":{"name":"renderToTargetDiv","decl":{"start":{"line":14,"column":33},"end":{"line":14,"column":50}},"loc":{"start":{"line":14,"column":73},"end":{"line":21,"column":1}},"line":14},"2":{"name":"findAndRenderToTarget","decl":{"start":{"line":27,"column":37},"end":{"line":27,"column":58}},"loc":{"start":{"line":27,"column":73},"end":{"line":38,"column":1}},"line":27},"3":{"name":"(anonymous_3)","decl":{"start":{"line":30,"column":44},"end":{"line":30,"column":45}},"loc":{"start":{"line":30,"column":66},"end":{"line":37,"column":5}},"line":30},"4":{"name":"(anonymous_4)","decl":{"start":{"line":35,"column":49},"end":{"line":35,"column":50}},"loc":{"start":{"line":35,"column":61},"end":{"line":35,"column":115}},"line":35}},"branchMap":{"0":{"loc":{"start":{"line":7,"column":124},"end":{"line":7,"column":170}},"type":"cond-expr","locations":[{"start":{"line":7,"column":148},"end":{"line":7,"column":151}},{"start":{"line":7,"column":154},"end":{"line":7,"column":170}}],"line":7},"1":{"loc":{"start":{"line":7,"column":124},"end":{"line":7,"column":145}},"type":"binary-expr","locations":[{"start":{"line":7,"column":124},"end":{"line":7,"column":127}},{"start":{"line":7,"column":131},"end":{"line":7,"column":145}}],"line":7},"2":{"loc":{"start":{"line":34,"column":8},"end":{"line":36,"column":9}},"type":"if","locations":[{"start":{"line":34,"column":8},"end":{"line":36,"column":9}},{"start":{"line":34,"column":8},"end":{"line":36,"column":9}}],"line":34}},"s":{"0":0,"1":0,"2":0,"3":0,"4":0,"5":0,"6":0,"7":0,"8":0,"9":0,"10":0,"11":0,"12":0,"13":0,"14":0,"15":0,"16":0,"17":0},"f":{"0":0,"1":0,"2":0,"3":0,"4":0},"b":{"0":[0,0],"1":[0,0],"2":[0,0]}}
,"C:\\Murrays Stuff\\Work Documents\\Code Projects\\Webpack 3 React Basic Config\\src\\components\\DemoComponent\\DemoComponent.js": {"path":"C:\\Murrays Stuff\\Work Documents\\Code Projects\\Webpack 3 React Basic Config\\src\\components\\DemoComponent\\DemoComponent.js","statementMap":{"0":{"start":{"line":6,"column":30},"end":{"line":6,"column":40}},"1":{"start":{"line":8,"column":8},"end":{"line":12,"column":10}}},"fnMap":{"0":{"name":"(anonymous_0)","decl":{"start":{"line":5,"column":4},"end":{"line":5,"column":5}},"loc":{"start":{"line":5,"column":13},"end":{"line":13,"column":5}},"line":5}},"branchMap":{},"s":{"0":2,"1":2},"f":{"0":2},"b":{},"_coverageSchema":"332fd63041d2c1bcb487cc26dd0d5f7d97098a6c","hash":"6dd842d368201c9855a0f39e9d91b071ada07e9d"}
,"C:\\Murrays Stuff\\Work Documents\\Code Projects\\Webpack 3 React Basic Config\\src\\container\\App-logic.js": {"path":"C:\\Murrays Stuff\\Work Documents\\Code Projects\\Webpack 3 React Basic Config\\src\\container\\App-logic.js","statementMap":{"0":{"start":{"line":15,"column":37},"end":{"line":26,"column":1}},"1":{"start":{"line":16,"column":18},"end":{"line":23,"column":6}},"2":{"start":{"line":17,"column":8},"end":{"line":22,"column":10}},"3":{"start":{"line":25,"column":4},"end":{"line":25,"column":17}}},"fnMap":{"0":{"name":"(anonymous_0)","decl":{"start":{"line":15,"column":37},"end":{"line":15,"column":38}},"loc":{"start":{"line":15,"column":51},"end":{"line":26,"column":1}},"line":15},"1":{"name":"(anonymous_1)","decl":{"start":{"line":16,"column":31},"end":{"line":16,"column":32}},"loc":{"start":{"line":16,"column":41},"end":{"line":23,"column":5}},"line":16}},"branchMap":{},"s":{"0":1,"1":2,"2":2,"3":2},"f":{"0":2,"1":2},"b":{},"_coverageSchema":"332fd63041d2c1bcb487cc26dd0d5f7d97098a6c","hash":"522fa02be355613713a543155dca422d21b1d141"}
,"C:\\Murrays Stuff\\Work Documents\\Code Projects\\Webpack 3 React Basic Config\\src\\container\\App.js": {"path":"C:\\Murrays Stuff\\Work Documents\\Code Projects\\Webpack 3 React Basic Config\\src\\container\\App.js","statementMap":{"0":{"start":{"line":1,"column":13},"end":{"line":1,"column":75}},"1":{"start":{"line":1,"column":97},"end":{"line":1,"column":153}},"2":{"start":{"line":1,"column":177},"end":{"line":1,"column":216}},"3":{"start":{"line":1,"column":240},"end":{"line":1,"column":287}},"4":{"start":{"line":1,"column":311},"end":{"line":1,"column":351}},"5":{"start":{"line":1,"column":372},"end":{"line":1,"column":416}},"6":{"start":{"line":1,"column":437},"end":{"line":1,"column":474}},"7":{"start":{"line":1,"column":509},"end":{"line":1,"column":567}},"8":{"start":{"line":1,"column":602},"end":{"line":1,"column":653}},"9":{"start":{"line":1,"column":671},"end":{"line":1,"column":712}},"10":{"start":{"line":1,"column":730},"end":{"line":1,"column":764}},"11":{"start":{"line":2,"column":13},"end":{"line":2,"column":29}},"12":{"start":{"line":2,"column":44},"end":{"line":2,"column":74}},"13":{"start":{"line":5,"column":0},"end":{"line":5,"column":21}},"14":{"start":{"line":8,"column":16},"end":{"line":8,"column":38}},"15":{"start":{"line":8,"column":51},"end":{"line":8,"column":85}},"16":{"start":{"line":8,"column":125},"end":{"line":8,"column":341}},"17":{"start":{"line":8,"column":153},"end":{"line":8,"column":164}},"18":{"start":{"line":8,"column":185},"end":{"line":8,"column":187}},"19":{"start":{"line":8,"column":188},"end":{"line":8,"column":305}},"20":{"start":{"line":8,"column":206},"end":{"line":8,"column":304}},"21":{"start":{"line":8,"column":228},"end":{"line":8,"column":303}},"22":{"start":{"line":8,"column":280},"end":{"line":8,"column":303}},"23":{"start":{"line":8,"column":305},"end":{"line":8,"column":326}},"24":{"start":{"line":8,"column":326},"end":{"line":8,"column":340}},"25":{"start":{"line":8,"column":380},"end":{"line":8,"column":434}},"26":{"start":{"line":10,"column":6},"end":{"line":20,"column":44}},"27":{"start":{"line":10,"column":29},"end":{"line":10,"column":70}},"28":{"start":{"line":10,"column":86},"end":{"line":10,"column":127}},"29":{"start":{"line":10,"column":127},"end":{"line":10,"column":259}},"30":{"start":{"line":10,"column":260},"end":{"line":20,"column":14}},"31":{"start":{"line":12,"column":12},"end":{"line":16,"column":95}},"32":{"start":{"line":20,"column":14},"end":{"line":20,"column":25}},"33":{"start":{"line":22,"column":0},"end":{"line":22,"column":22}}},"fnMap":{"0":{"name":"_interopRequireWildcard","decl":{"start":{"line":8,"column":95},"end":{"line":8,"column":118}},"loc":{"start":{"line":8,"column":124},"end":{"line":8,"column":342}},"line":8},"1":{"name":"_interopRequireDefault","decl":{"start":{"line":8,"column":351},"end":{"line":8,"column":373}},"loc":{"start":{"line":8,"column":379},"end":{"line":8,"column":435}},"line":8},"2":{"name":"(anonymous_2)","decl":{"start":{"line":10,"column":6},"end":{"line":10,"column":7}},"loc":{"start":{"line":10,"column":28},"end":{"line":20,"column":26}},"line":10},"3":{"name":"App","decl":{"start":{"line":10,"column":79},"end":{"line":10,"column":82}},"loc":{"start":{"line":10,"column":85},"end":{"line":10,"column":260}},"line":10},"4":{"name":"render","decl":{"start":{"line":10,"column":326},"end":{"line":10,"column":332}},"loc":{"start":{"line":11,"column":8},"end":{"line":20,"column":9}},"line":11}},"branchMap":{"0":{"loc":{"start":{"line":8,"column":125},"end":{"line":8,"column":341}},"type":"if","locations":[{"start":{"line":8,"column":125},"end":{"line":8,"column":341}},{"start":{"line":8,"column":125},"end":{"line":8,"column":341}}],"line":8},"1":{"loc":{"start":{"line":8,"column":129},"end":{"line":8,"column":150}},"type":"binary-expr","locations":[{"start":{"line":8,"column":129},"end":{"line":8,"column":132}},{"start":{"line":8,"column":136},"end":{"line":8,"column":150}}],"line":8},"2":{"loc":{"start":{"line":8,"column":188},"end":{"line":8,"column":305}},"type":"if","locations":[{"start":{"line":8,"column":188},"end":{"line":8,"column":305}},{"start":{"line":8,"column":188},"end":{"line":8,"column":305}}],"line":8},"3":{"loc":{"start":{"line":8,"column":228},"end":{"line":8,"column":303}},"type":"if","locations":[{"start":{"line":8,"column":228},"end":{"line":8,"column":303}},{"start":{"line":8,"column":228},"end":{"line":8,"column":303}}],"line":8},"4":{"loc":{"start":{"line":8,"column":387},"end":{"line":8,"column":433}},"type":"cond-expr","locations":[{"start":{"line":8,"column":411},"end":{"line":8,"column":414}},{"start":{"line":8,"column":417},"end":{"line":8,"column":433}}],"line":8},"5":{"loc":{"start":{"line":8,"column":387},"end":{"line":8,"column":408}},"type":"binary-expr","locations":[{"start":{"line":8,"column":387},"end":{"line":8,"column":390}},{"start":{"line":8,"column":394},"end":{"line":8,"column":408}}],"line":8},"6":{"loc":{"start":{"line":10,"column":182},"end":{"line":10,"column":233}},"type":"binary-expr","locations":[{"start":{"line":10,"column":182},"end":{"line":10,"column":195}},{"start":{"line":10,"column":199},"end":{"line":10,"column":233}}],"line":10}},"s":{"0":0,"1":0,"2":0,"3":0,"4":0,"5":0,"6":0,"7":0,"8":0,"9":0,"10":0,"11":0,"12":0,"13":0,"14":0,"15":0,"16":0,"17":0,"18":0,"19":0,"20":0,"21":0,"22":0,"23":0,"24":0,"25":0,"26":0,"27":0,"28":0,"29":0,"30":0,"31":0,"32":0,"33":0},"f":{"0":0,"1":0,"2":0,"3":0,"4":0},"b":{"0":[0,0],"1":[0,0],"2":[0,0],"3":[0,0],"4":[0,0],"5":[0,0],"6":[0,0]}}
}
