TN:
SF:C:\Murrays Stuff\Work Documents\Code Projects\Webpack 3 React Basic Config\src\index.js
FN:7,_interopRequireDefault
FN:14,renderToTargetDiv
FN:27,findAndRenderToTarget
FN:30,(anonymous_3)
FN:35,(anonymous_4)
FNF:5
FNH:0
FNDA:0,_interopRequireDefault
FNDA:0,renderToTargetDiv
FNDA:0,findAndRenderToTarget
FNDA:0,(anonymous_3)
FNDA:0,(anonymous_4)
DA:2,0
DA:3,0
DA:4,0
DA:7,0
DA:14,0
DA:15,0
DA:27,0
DA:28,0
DA:30,0
DA:31,0
DA:34,0
DA:35,0
DA:41,0
LF:13
LH:0
BRDA:7,0,0,0
BRDA:7,0,1,0
BRDA:7,1,0,0
BRDA:7,1,1,0
BRDA:34,2,0,0
BRDA:34,2,1,0
BRF:6
BRH:0
end_of_record
TN:
SF:C:\Murrays Stuff\Work Documents\Code Projects\Webpack 3 React Basic Config\src\components\DemoComponent\DemoComponent.js
FN:5,(anonymous_0)
FNF:1
FNH:1
FNDA:2,(anonymous_0)
DA:6,2
DA:8,2
LF:2
LH:2
BRF:0
BRH:0
end_of_record
TN:
SF:C:\Murrays Stuff\Work Documents\Code Projects\Webpack 3 React Basic Config\src\container\App-logic.js
FN:15,(anonymous_0)
FN:16,(anonymous_1)
FNF:2
FNH:2
FNDA:2,(anonymous_0)
FNDA:2,(anonymous_1)
DA:15,1
DA:16,2
DA:17,2
DA:25,2
LF:4
LH:4
BRF:0
BRH:0
end_of_record
TN:
SF:C:\Murrays Stuff\Work Documents\Code Projects\Webpack 3 React Basic Config\src\container\App.js
FN:8,_interopRequireWildcard
FN:8,_interopRequireDefault
FN:10,(anonymous_2)
FN:10,App
FN:10,render
FNF:5
FNH:0
FNDA:0,_interopRequireWildcard
FNDA:0,_interopRequireDefault
FNDA:0,(anonymous_2)
FNDA:0,App
FNDA:0,render
DA:1,0
DA:2,0
DA:5,0
DA:8,0
DA:10,0
DA:12,0
DA:20,0
DA:22,0
LF:8
LH:0
BRDA:8,0,0,0
BRDA:8,0,1,0
BRDA:8,1,0,0
BRDA:8,1,1,0
BRDA:8,2,0,0
BRDA:8,2,1,0
BRDA:8,3,0,0
BRDA:8,3,1,0
BRDA:8,4,0,0
BRDA:8,4,1,0
BRDA:8,5,0,0
BRDA:8,5,1,0
BRDA:10,6,0,0
BRDA:10,6,1,0
BRF:14
BRH:0
end_of_record
